# JRE version: OpenJDK Runtime Environment (11.0.2+9) (build 11.0.2+9)
# Java VM: OpenJDK 64-Bit Server VM (11.0.2+9, mixed mode, tiered, compressed oops, g1 gc, windows-amd64)
Heap:
 garbage-first heap   total 63488K, used 9767K [0x00000000c2200000, 0x0000000100000000)
  region size 1024K, 7 young (7168K), 4 survivors (4096K)
 Metaspace       used 20378K, capacity 20853K, committed 20992K, reserved 1071104K
  class space    used 2087K, capacity 2251K, committed 2304K, reserved 1048576K
GC Heap History (6 events):
Event: 1.158 GC heap before
{Heap before GC invocations=0 (full 0):
 garbage-first heap   total 63488K, used 13312K [0x00000000c2200000, 0x0000000100000000)
  region size 1024K, 14 young (14336K), 0 survivors (0K)
 Metaspace       used 8971K, capacity 9125K, committed 9472K, reserved 1058816K
  class space    used 841K, capacity 916K, committed 1024K, reserved 1048576K
}
Event: 1.166 GC heap after
{Heap after GC invocations=1 (full 0):
 garbage-first heap   total 63488K, used 4618K [0x00000000c2200000, 0x0000000100000000)
  region size 1024K, 2 young (2048K), 2 survivors (2048K)
 Metaspace       used 8971K, capacity 9125K, committed 9472K, reserved 1058816K
  class space    used 841K, capacity 916K, committed 1024K, reserved 1048576K
}
Event: 1.879 GC heap before
{Heap before GC invocations=1 (full 0):
 garbage-first heap   total 63488K, used 15882K [0x00000000c2200000, 0x0000000100000000)
  region size 1024K, 13 young (13312K), 2 survivors (2048K)
 Metaspace       used 12772K, capacity 13089K, committed 13440K, reserved 1060864K
  class space    used 1214K, capacity 1304K, committed 1408K, reserved 1048576K
}
Event: 1.886 GC heap after
{Heap after GC invocations=2 (full 0):
 garbage-first heap   total 63488K, used 5315K [0x00000000c2200000, 0x0000000100000000)
  region size 1024K, 1 young (1024K), 1 survivors (1024K)
 Metaspace       used 12772K, capacity 13089K, committed 13440K, reserved 1060864K
  class space    used 1214K, capacity 1304K, committed 1408K, reserved 1048576K
}
Event: 3.760 GC heap before
{Heap before GC invocations=2 (full 0):
 garbage-first heap   total 63488K, used 30915K [0x00000000c2200000, 0x0000000100000000)
  region size 1024K, 27 young (27648K), 1 survivors (1024K)
 Metaspace       used 19892K, capacity 20388K, committed 20480K, reserved 1067008K
  class space    used 2053K, capacity 2245K, committed 2304K, reserved 1048576K
}
Event: 3.771 GC heap after
{Heap after GC invocations=3 (full 0):
 garbage-first heap   total 63488K, used 7719K [0x00000000c2200000, 0x0000000100000000)
  region size 1024K, 4 young (4096K), 4 survivors (4096K)
 Metaspace       used 19892K, capacity 20388K, committed 20480K, reserved 1067008K
  class space    used 2053K, capacity 2245K, committed 2304K, reserved 1048576K
}

